<?xml version="1.0" encoding="UTF-8"?>
<!-- Generated by org.testng.reporters.JUnitXMLReporter -->
<testsuite hostname="LAPTOP-TI9COB79" ignored="0" name="Test" tests="3" failures="0" timestamp="14 Jun 2020 15:38:37 GMT" time="259.842" errors="0">
  <testcase name="ImageDisable" time="153.03" classname="importantSeleniumConcepts.DisableImages"/>
  <testcase name="DownloadFile" time="31.081" classname="importantSeleniumConcepts.DownloadToDesiredFolder"/>
  <testcase name="AnchorTagsCount" time="56.39" classname="importantSeleniumConcepts.HowManyAnchorTags"/>
</testsuite> <!-- Test -->
