<?xml version="1.0" encoding="UTF-8"?>
<testng-results skipped="0" failed="0" ignored="0" total="1" passed="1">
  <reporter-output>
  </reporter-output>
  <suite name="Suite" duration-ms="63808" started-at="2020-06-20T15:37:42Z" finished-at="2020-06-20T15:38:46Z">
    <groups>
    </groups>
    <test name="Test" duration-ms="63808" started-at="2020-06-20T15:37:42Z" finished-at="2020-06-20T15:38:46Z">
      <class name="importantSeleniumConcepts.ParameterizationInTestngxml">
        <test-method status="PASS" signature="Parameterization(java.lang.String)[pri:0, instance:importantSeleniumConcepts.ParameterizationInTestngxml@3b2da18f]" name="Parameterization" duration-ms="63543" started-at="2020-06-20T15:37:42Z" finished-at="2020-06-20T15:38:45Z">
          <params>
            <param index="0">
              <value>
                <![CDATA[http://google.com]]>
              </value>
            </param>
          </params>
          <reporter-output>
          </reporter-output>
        </test-method> <!-- Parameterization -->
      </class> <!-- importantSeleniumConcepts.ParameterizationInTestngxml -->
    </test> <!-- Test -->
  </suite> <!-- Suite -->
</testng-results>
